<?xml version="1.0" encoding="UTF-8"?>
<robot generator="Robot 4.0 (Python 3.9.1 on win32)" generated="20220415 17:02:15.654" rpa="false" schemaversion="2">
<suite id="s1" name="Tests" source="C:\Users\User\Desktop\Prova Técnica\tests.robot">
<test id="s1-t1" name="Validação de produto dentro do carrinho no e-commerce">
<kw name="Nova Sessão" library="base" type="SETUP">
<kw name="Open Browser" library="SeleniumLibrary">
<arg>${url}</arg>
<arg>chrome</arg>
<doc>Opens a new browser instance to the optional ``url``.</doc>
<msg timestamp="20220415 17:02:15.952" level="INFO">Opening browser 'chrome' to base url 'https://www.netshoes.com.br/'.</msg>
<status status="PASS" starttime="20220415 17:02:15.952" endtime="20220415 17:02:21.009"/>
</kw>
<kw name="Maximize Browser Window" library="SeleniumLibrary">
<doc>Maximizes current browser window.</doc>
<status status="PASS" starttime="20220415 17:02:21.009" endtime="20220415 17:02:21.187"/>
</kw>
<status status="PASS" starttime="20220415 17:02:15.951" endtime="20220415 17:02:21.187"/>
</kw>
<kw name="Input Text" library="SeleniumLibrary">
<arg>id=search-input</arg>
<arg>tênis adidas</arg>
<doc>Types the given ``text`` into the text field identified by ``locator``.</doc>
<msg timestamp="20220415 17:02:21.190" level="INFO">Typing text 'tênis adidas' into text field 'id=search-input'.</msg>
<status status="PASS" starttime="20220415 17:02:21.190" endtime="20220415 17:02:21.835"/>
</kw>
<kw name="Click Element" library="SeleniumLibrary">
<arg>css=#header-content &gt; header &gt; div.breakpoint.main-bar &gt; section.search &gt; section &gt; form &gt; div &gt; button</arg>
<doc>Click the element identified by ``locator``.</doc>
<msg timestamp="20220415 17:02:21.836" level="INFO">Clicking element 'css=#header-content &gt; header &gt; div.breakpoint.main-bar &gt; section.search &gt; section &gt; form &gt; div &gt; button'.</msg>
<status status="PASS" starttime="20220415 17:02:21.836" endtime="20220415 17:02:32.146"/>
</kw>
<kw name="Click Element" library="SeleniumLibrary">
<arg>xpath=//span[contains(text(),'Tênis Adidas Coreracer Masculino')]</arg>
<doc>Click the element identified by ``locator``.</doc>
<msg timestamp="20220415 17:02:32.148" level="INFO">Clicking element 'xpath=//span[contains(text(),'Tênis Adidas Coreracer Masculino')]'.</msg>
<status status="PASS" starttime="20220415 17:02:32.147" endtime="20220415 17:02:43.620"/>
</kw>
<kw name="Click Element" library="SeleniumLibrary">
<arg>css=.cookie-notification-button</arg>
<doc>Click the element identified by ``locator``.</doc>
<msg timestamp="20220415 17:02:43.620" level="INFO">Clicking element 'css=.cookie-notification-button'.</msg>
<status status="PASS" starttime="20220415 17:02:43.620" endtime="20220415 17:02:49.377"/>
</kw>
<kw name="Click Element" library="SeleniumLibrary">
<arg>xpath=//section[@id='buy-box']/section/div/ul/li[4]/a/span/img</arg>
<doc>Click the element identified by ``locator``.</doc>
<msg timestamp="20220415 17:02:49.382" level="INFO">Clicking element 'xpath=//section[@id='buy-box']/section/div/ul/li[4]/a/span/img'.</msg>
<status status="PASS" starttime="20220415 17:02:49.381" endtime="20220415 17:02:49.891"/>
</kw>
<kw name="Sleep" library="BuiltIn">
<arg>5</arg>
<doc>Pauses the test executed for the given time.</doc>
<msg timestamp="20220415 17:02:54.914" level="INFO">Slept 5 seconds</msg>
<status status="PASS" starttime="20220415 17:02:49.904" endtime="20220415 17:02:54.914"/>
</kw>
<kw name="Click Element" library="SeleniumLibrary">
<arg>xpath=//a[contains(text(),'42')]</arg>
<doc>Click the element identified by ``locator``.</doc>
<msg timestamp="20220415 17:02:54.915" level="INFO">Clicking element 'xpath=//a[contains(text(),'42')]'.</msg>
<status status="PASS" starttime="20220415 17:02:54.914" endtime="20220415 17:02:55.076"/>
</kw>
<kw name="Sleep" library="BuiltIn">
<arg>5</arg>
<doc>Pauses the test executed for the given time.</doc>
<msg timestamp="20220415 17:03:00.082" level="INFO">Slept 5 seconds</msg>
<status status="PASS" starttime="20220415 17:02:55.077" endtime="20220415 17:03:00.082"/>
</kw>
<kw name="Click Element" library="SeleniumLibrary">
<arg>css=#buy-button-now &gt; span</arg>
<doc>Click the element identified by ``locator``.</doc>
<msg timestamp="20220415 17:03:00.084" level="INFO">Clicking element 'css=#buy-button-now &gt; span'.</msg>
<status status="PASS" starttime="20220415 17:03:00.083" endtime="20220415 17:03:00.200"/>
</kw>
<kw name="Sleep" library="BuiltIn">
<arg>15</arg>
<doc>Pauses the test executed for the given time.</doc>
<msg timestamp="20220415 17:03:15.203" level="INFO">Slept 15 seconds</msg>
<status status="PASS" starttime="20220415 17:03:00.200" endtime="20220415 17:03:15.203"/>
</kw>
<kw name="Validação" library="base">
<arg>Meu carrinho</arg>
<kw name="Page Should Contain" library="SeleniumLibrary">
<arg>${texto}</arg>
<doc>Verifies that current page contains ``text``.</doc>
<msg timestamp="20220415 17:03:15.285" level="INFO">Current page contains text 'Meu carrinho'.</msg>
<status status="PASS" starttime="20220415 17:03:15.204" endtime="20220415 17:03:15.285"/>
</kw>
<kw name="Log To Console" library="BuiltIn">
<arg>O valor "${texto}" está correto ✓</arg>
<doc>Logs the given message to the console.</doc>
<status status="PASS" starttime="20220415 17:03:15.286" endtime="20220415 17:03:15.289"/>
</kw>
<status status="PASS" starttime="20220415 17:03:15.204" endtime="20220415 17:03:15.289"/>
</kw>
<kw name="Validação" library="base">
<arg>Tênis Adidas Coreracer Masculino</arg>
<kw name="Page Should Contain" library="SeleniumLibrary">
<arg>${texto}</arg>
<doc>Verifies that current page contains ``text``.</doc>
<msg timestamp="20220415 17:03:15.305" level="INFO">Current page contains text 'Tênis Adidas Coreracer Masculino'.</msg>
<status status="PASS" starttime="20220415 17:03:15.290" endtime="20220415 17:03:15.305"/>
</kw>
<kw name="Log To Console" library="BuiltIn">
<arg>O valor "${texto}" está correto ✓</arg>
<doc>Logs the given message to the console.</doc>
<status status="PASS" starttime="20220415 17:03:15.305" endtime="20220415 17:03:15.306"/>
</kw>
<status status="PASS" starttime="20220415 17:03:15.289" endtime="20220415 17:03:15.306"/>
</kw>
<kw name="Validação" library="base">
<arg>42</arg>
<kw name="Page Should Contain" library="SeleniumLibrary">
<arg>${texto}</arg>
<doc>Verifies that current page contains ``text``.</doc>
<msg timestamp="20220415 17:03:15.323" level="INFO">Current page contains text '42'.</msg>
<status status="PASS" starttime="20220415 17:03:15.306" endtime="20220415 17:03:15.323"/>
</kw>
<kw name="Log To Console" library="BuiltIn">
<arg>O valor "${texto}" está correto ✓</arg>
<doc>Logs the given message to the console.</doc>
<status status="PASS" starttime="20220415 17:03:15.323" endtime="20220415 17:03:15.324"/>
</kw>
<status status="PASS" starttime="20220415 17:03:15.306" endtime="20220415 17:03:15.324"/>
</kw>
<kw name="Validação" library="base">
<arg>Preto+Grafite</arg>
<kw name="Page Should Contain" library="SeleniumLibrary">
<arg>${texto}</arg>
<doc>Verifies that current page contains ``text``.</doc>
<msg timestamp="20220415 17:03:15.341" level="INFO">Current page contains text 'Preto+Grafite'.</msg>
<status status="PASS" starttime="20220415 17:03:15.325" endtime="20220415 17:03:15.341"/>
</kw>
<kw name="Log To Console" library="BuiltIn">
<arg>O valor "${texto}" está correto ✓</arg>
<doc>Logs the given message to the console.</doc>
<status status="PASS" starttime="20220415 17:03:15.341" endtime="20220415 17:03:15.342"/>
</kw>
<status status="PASS" starttime="20220415 17:03:15.325" endtime="20220415 17:03:15.342"/>
</kw>
<kw name="Encerra Sessão" library="base" type="TEARDOWN">
<kw name="Evidencia" library="base">
<arg>fimProcessamento</arg>
<kw name="Evaluate" library="BuiltIn">
<var>${now}</var>
<arg>'{dt.day}.{dt.month}.{dt.year}.{dt.hour}.{dt.minute}.{dt.second}'.format(dt=datetime.datetime.now())</arg>
<arg>modules=datetime</arg>
<doc>Evaluates the given expression in Python and returns the result.</doc>
<msg timestamp="20220415 17:03:15.344" level="INFO">${now} = 15.4.2022.17.3.15</msg>
<status status="PASS" starttime="20220415 17:03:15.343" endtime="20220415 17:03:15.344"/>
</kw>
<kw name="Capture Page Screenshot" library="SeleniumLibrary">
<arg>${nome}-${now}.png</arg>
<doc>Takes a screenshot of the current page and embeds it into a log file.</doc>
<msg timestamp="20220415 17:03:15.451" level="INFO" html="true">&lt;/td&gt;&lt;/tr&gt;&lt;tr&gt;&lt;td colspan="3"&gt;&lt;a href="fimProcessamento-15.4.2022.17.3.15.png"&gt;&lt;img src="fimProcessamento-15.4.2022.17.3.15.png" width="800px"&gt;&lt;/a&gt;</msg>
<status status="PASS" starttime="20220415 17:03:15.344" endtime="20220415 17:03:15.452"/>
</kw>
<status status="PASS" starttime="20220415 17:03:15.343" endtime="20220415 17:03:15.452"/>
</kw>
<kw name="Close Browser" library="SeleniumLibrary">
<doc>Closes the current browser.</doc>
<status status="PASS" starttime="20220415 17:03:15.452" endtime="20220415 17:03:17.933"/>
</kw>
<status status="PASS" starttime="20220415 17:03:15.343" endtime="20220415 17:03:17.933"/>
</kw>
<status status="PASS" starttime="20220415 17:02:15.950" endtime="20220415 17:03:17.934"/>
</test>
<status status="PASS" starttime="20220415 17:02:15.654" endtime="20220415 17:03:17.936"/>
</suite>
<statistics>
<total>
<stat pass="1" fail="0" skip="0">All Tests</stat>
</total>
<tag>
</tag>
<suite>
<stat pass="1" fail="0" skip="0" id="s1" name="Tests">Tests</stat>
</suite>
</statistics>
<errors>
</errors>
</robot>
